This is pdfTeX, Version 3.141592653-2.6-1.40.27 (TeX Live 2025) (preloaded format=pdflatex 2025.11.5)  6 NOV 2025 11:13
entering extended mode
 restricted \write18 enabled.
 %&-line parsing enabled.
**paper.tex
(./paper.tex
LaTeX2e <2024-11-01> patch level 2
L3 programming layer <2025-01-18>
(/usr/local/texlive/2025basic/texmf-dist/tex/latex/base/article.cls
Document Class: article 2024/06/29 v1.4n Standard LaTeX document class
(/usr/local/texlive/2025basic/texmf-dist/tex/latex/base/size11.clo
File: size11.clo 2024/06/29 v1.4n Standard LaTeX file (size option)
)
\c@part=\count196
\c@section=\count197
\c@subsection=\count198
\c@subsubsection=\count199
\c@paragraph=\count266
\c@subparagraph=\count267
\c@figure=\count268
\c@table=\count269
\abovecaptionskip=\skip49
\belowcaptionskip=\skip50
\bibindent=\dimen141
)
(/usr/local/texlive/2025basic/texmf-dist/tex/latex/geometry/geometry.sty
Package: geometry 2020/01/02 v5.9 Page Geometry

(/usr/local/texlive/2025basic/texmf-dist/tex/latex/graphics/keyval.sty
Package: keyval 2022/05/29 v1.15 key=value parser (DPC)
\KV@toks@=\toks17
)
(/usr/local/texlive/2025basic/texmf-dist/tex/generic/iftex/ifvtex.sty
Package: ifvtex 2019/10/25 v1.7 ifvtex legacy package. Use iftex instead.

(/usr/local/texlive/2025basic/texmf-dist/tex/generic/iftex/iftex.sty
Package: iftex 2024/12/12 v1.0g TeX engine tests
))
\Gm@cnth=\count270
\Gm@cntv=\count271
\c@Gm@tempcnt=\count272
\Gm@bindingoffset=\dimen142
\Gm@wd@mp=\dimen143
\Gm@odd@mp=\dimen144
\Gm@even@mp=\dimen145
\Gm@layoutwidth=\dimen146
\Gm@layoutheight=\dimen147
\Gm@layouthoffset=\dimen148
\Gm@layoutvoffset=\dimen149
\Gm@dimlist=\toks18
)
(/usr/local/texlive/2025basic/texmf-dist/tex/latex/graphics/graphicx.sty
Package: graphicx 2021/09/16 v1.2d Enhanced LaTeX Graphics (DPC,SPQR)

(/usr/local/texlive/2025basic/texmf-dist/tex/latex/graphics/graphics.sty
Package: graphics 2024/08/06 v1.4g Standard LaTeX Graphics (DPC,SPQR)

(/usr/local/texlive/2025basic/texmf-dist/tex/latex/graphics/trig.sty
Package: trig 2023/12/02 v1.11 sin cos tan (DPC)
)
(/usr/local/texlive/2025basic/texmf-dist/tex/latex/graphics-cfg/graphics.cfg
File: graphics.cfg 2016/06/04 v1.11 sample graphics configuration
)
Package graphics Info: Driver file: pdftex.def on input line 106.

(/usr/local/texlive/2025basic/texmf-dist/tex/latex/graphics-def/pdftex.def
File: pdftex.def 2024/04/13 v1.2c Graphics/color driver for pdftex
))
\Gin@req@height=\dimen150
\Gin@req@width=\dimen151
)
(/usr/local/texlive/2025basic/texmf-dist/tex/latex/caption/caption.sty
Package: caption 2023/08/05 v3.6o Customizing captions (AR)

(/usr/local/texlive/2025basic/texmf-dist/tex/latex/caption/caption3.sty
Package: caption3 2023/07/31 v2.4d caption3 kernel (AR)
\caption@tempdima=\dimen152
\captionmargin=\dimen153
\caption@leftmargin=\dimen154
\caption@rightmargin=\dimen155
\caption@width=\dimen156
\caption@indent=\dimen157
\caption@parindent=\dimen158
\caption@hangindent=\dimen159
Package caption Info: Standard document class detected.
)
\c@caption@flags=\count273
\c@continuedfloat=\count274
)
(/usr/local/texlive/2025basic/texmf-dist/tex/latex/caption/subcaption.sty
Package: subcaption 2023/07/28 v1.6b Sub-captions (AR)
Package caption Info: New subtype `subfigure' on input line 238.
\c@subfigure=\count275
Package caption Info: New subtype `subtable' on input line 238.
\c@subtable=\count276
)
(/usr/local/texlive/2025basic/texmf-dist/tex/latex/booktabs/booktabs.sty
Package: booktabs 2020/01/12 v1.61803398 Publication quality tables
\heavyrulewidth=\dimen160
\lightrulewidth=\dimen161
\cmidrulewidth=\dimen162
\belowrulesep=\dimen163
\belowbottomsep=\dimen164
\aboverulesep=\dimen165
\abovetopsep=\dimen166
\cmidrulesep=\dimen167
\cmidrulekern=\dimen168
\defaultaddspace=\dimen169
\@cmidla=\count277
\@cmidlb=\count278
\@aboverulesep=\dimen170
\@belowrulesep=\dimen171
\@thisruleclass=\count279
\@lastruleclass=\count280
\@thisrulewidth=\dimen172
)
(/usr/local/texlive/2025basic/texmf-dist/tex/latex/siunitx/siunitx.sty
Package: siunitx 2025-07-09 v3.4.14 A comprehensive (SI) units package
\l__siunitx_number_uncert_offset_int=\count281
\l__siunitx_number_exponent_fixed_int=\count282
\l__siunitx_number_min_decimal_int=\count283
\l__siunitx_number_min_integer_int=\count284
\l__siunitx_number_round_precision_int=\count285
\l__siunitx_number_lower_threshold_int=\count286
\l__siunitx_number_upper_threshold_int=\count287
\l__siunitx_number_group_first_int=\count288
\l__siunitx_number_group_size_int=\count289
\l__siunitx_number_group_minimum_int=\count290
\l__siunitx_angle_tmp_dim=\dimen173
\l__siunitx_angle_marker_box=\box52
\l__siunitx_angle_unit_box=\box53
\l__siunitx_compound_count_int=\count291

(/usr/local/texlive/2025basic/texmf-dist/tex/latex/amsmath/amstext.sty
Package: amstext 2021/08/26 v2.01 AMS text

(/usr/local/texlive/2025basic/texmf-dist/tex/latex/amsmath/amsgen.sty
File: amsgen.sty 1999/11/30 v2.0 generic functions
\@emptytoks=\toks19
\ex@=\dimen174
))
\l__siunitx_table_tmp_box=\box54
\l__siunitx_table_tmp_dim=\dimen175
\l__siunitx_table_column_width_dim=\dimen176
\l__siunitx_table_integer_box=\box55
\l__siunitx_table_decimal_box=\box56
\l__siunitx_table_uncert_box=\box57
\l__siunitx_table_before_box=\box58
\l__siunitx_table_after_box=\box59
\l__siunitx_table_before_dim=\dimen177
\l__siunitx_table_carry_dim=\dimen178
\l__siunitx_unit_tmp_int=\count292
\l__siunitx_unit_position_int=\count293
\l__siunitx_unit_total_int=\count294

(/usr/local/texlive/2025basic/texmf-dist/tex/latex/tools/array.sty
Package: array 2024/10/17 v2.6g Tabular extension package (FMi)
\col@sep=\dimen179
\ar@mcellbox=\box60
\extrarowheight=\dimen180
\NC@list=\toks20
\extratabsurround=\skip51
\backup@length=\skip52
\ar@cellbox=\box61
))
(/usr/local/texlive/2025basic/texmf-dist/tex/latex/enumitem/enumitem.sty
Package: enumitem 2025/02/06 v3.11 Customized lists
\labelindent=\skip53
\enit@outerparindent=\dimen181
\enit@toks=\toks21
\enit@inbox=\box62
\enit@count@id=\count295
\enitdp@description=\count296
)
(/usr/local/texlive/2025basic/texmf-dist/tex/latex/hyperref/hyperref.sty
Package: hyperref 2024-11-05 v7.01l Hypertext links for LaTeX

(/usr/local/texlive/2025basic/texmf-dist/tex/latex/kvsetkeys/kvsetkeys.sty
Package: kvsetkeys 2022-10-05 v1.19 Key value parser (HO)
)
(/usr/local/texlive/2025basic/texmf-dist/tex/generic/kvdefinekeys/kvdefinekeys.
sty
Package: kvdefinekeys 2019-12-19 v1.6 Define keys (HO)
)
(/usr/local/texlive/2025basic/texmf-dist/tex/generic/pdfescape/pdfescape.sty
Package: pdfescape 2019/12/09 v1.15 Implements pdfTeX's escape features (HO)

(/usr/local/texlive/2025basic/texmf-dist/tex/generic/ltxcmds/ltxcmds.sty
Package: ltxcmds 2023-12-04 v1.26 LaTeX kernel commands for general use (HO)
)
(/usr/local/texlive/2025basic/texmf-dist/tex/generic/pdftexcmds/pdftexcmds.sty
Package: pdftexcmds 2020-06-27 v0.33 Utility functions of pdfTeX for LuaTeX (HO
)

(/usr/local/texlive/2025basic/texmf-dist/tex/generic/infwarerr/infwarerr.sty
Package: infwarerr 2019/12/03 v1.5 Providing info/warning/error messages (HO)
)
Package pdftexcmds Info: \pdf@primitive is available.
Package pdftexcmds Info: \pdf@ifprimitive is available.
Package pdftexcmds Info: \pdfdraftmode found.
)) (/usr/local/texlive/2025basic/texmf-dist/tex/latex/hycolor/hycolor.sty
Package: hycolor 2020-01-27 v1.10 Color options for hyperref/bookmark (HO)
)
(/usr/local/texlive/2025basic/texmf-dist/tex/latex/hyperref/nameref.sty
Package: nameref 2023-11-26 v2.56 Cross-referencing by name of section

(/usr/local/texlive/2025basic/texmf-dist/tex/latex/refcount/refcount.sty
Package: refcount 2019/12/15 v3.6 Data extraction from label references (HO)
)
(/usr/local/texlive/2025basic/texmf-dist/tex/generic/gettitlestring/gettitlestr
ing.sty
Package: gettitlestring 2019/12/15 v1.6 Cleanup title references (HO)

(/usr/local/texlive/2025basic/texmf-dist/tex/latex/kvoptions/kvoptions.sty
Package: kvoptions 2022-06-15 v3.15 Key value format for package options (HO)
))
\c@section@level=\count297
)
(/usr/local/texlive/2025basic/texmf-dist/tex/latex/etoolbox/etoolbox.sty
Package: etoolbox 2025/02/11 v2.5l e-TeX tools for LaTeX (JAW)
\etb@tempcnta=\count298
)
(/usr/local/texlive/2025basic/texmf-dist/tex/generic/stringenc/stringenc.sty
Package: stringenc 2019/11/29 v1.12 Convert strings between diff. encodings (HO
)
)
\@linkdim=\dimen182
\Hy@linkcounter=\count299
\Hy@pagecounter=\count300

(/usr/local/texlive/2025basic/texmf-dist/tex/latex/hyperref/pd1enc.def
File: pd1enc.def 2024-11-05 v7.01l Hyperref: PDFDocEncoding definition (HO)
Now handling font encoding PD1 ...
... no UTF-8 mapping file for font encoding PD1
)
(/usr/local/texlive/2025basic/texmf-dist/tex/generic/intcalc/intcalc.sty
Package: intcalc 2019/12/15 v1.3 Expandable calculations with integers (HO)
)
\Hy@SavedSpaceFactor=\count301

(/usr/local/texlive/2025basic/texmf-dist/tex/latex/hyperref/puenc.def
File: puenc.def 2024-11-05 v7.01l Hyperref: PDF Unicode definition (HO)
Now handling font encoding PU ...
... no UTF-8 mapping file for font encoding PU
)
Package hyperref Info: Hyper figures OFF on input line 4157.
Package hyperref Info: Link nesting OFF on input line 4162.
Package hyperref Info: Hyper index ON on input line 4165.
Package hyperref Info: Plain pages OFF on input line 4172.
Package hyperref Info: Backreferencing OFF on input line 4177.
Package hyperref Info: Implicit mode ON; LaTeX internals redefined.
Package hyperref Info: Bookmarks ON on input line 4424.
\c@Hy@tempcnt=\count302

(/usr/local/texlive/2025basic/texmf-dist/tex/latex/url/url.sty
\Urlmuskip=\muskip17
Package: url 2013/09/16  ver 3.4  Verb mode for urls, etc.
)
LaTeX Info: Redefining \url on input line 4763.
\XeTeXLinkMargin=\dimen183

(/usr/local/texlive/2025basic/texmf-dist/tex/generic/bitset/bitset.sty
Package: bitset 2019/12/09 v1.3 Handle bit-vector datatype (HO)

(/usr/local/texlive/2025basic/texmf-dist/tex/generic/bigintcalc/bigintcalc.sty
Package: bigintcalc 2019/12/15 v1.5 Expandable calculations on big integers (HO
)
))
\Fld@menulength=\count303
\Field@Width=\dimen184
\Fld@charsize=\dimen185
Package hyperref Info: Hyper figures OFF on input line 6042.
Package hyperref Info: Link nesting OFF on input line 6047.
Package hyperref Info: Hyper index ON on input line 6050.
Package hyperref Info: backreferencing OFF on input line 6057.
Package hyperref Info: Link coloring OFF on input line 6062.
Package hyperref Info: Link coloring with OCG OFF on input line 6067.
Package hyperref Info: PDF/A mode OFF on input line 6072.
 (/usr/local/texlive/2025basic/texmf-dist/tex/latex/base/atbegshi-ltx.sty
Package: atbegshi-ltx 2021/01/10 v1.0c Emulation of the original atbegshi
package with kernel methods
)
\Hy@abspage=\count304
\c@Item=\count305
\c@Hfootnote=\count306
)
Package hyperref Info: Driver (autodetected): hpdftex.

(/usr/local/texlive/2025basic/texmf-dist/tex/latex/hyperref/hpdftex.def
File: hpdftex.def 2024-11-05 v7.01l Hyperref driver for pdfTeX

(/usr/local/texlive/2025basic/texmf-dist/tex/latex/base/atveryend-ltx.sty
Package: atveryend-ltx 2020/08/19 v1.0a Emulation of the original atveryend pac
kage
with kernel methods
)
\Fld@listcount=\count307
\c@bookmark@seq@number=\count308

(/usr/local/texlive/2025basic/texmf-dist/tex/latex/rerunfilecheck/rerunfilechec
k.sty
Package: rerunfilecheck 2022-07-10 v1.10 Rerun checks for auxiliary files (HO)

(/usr/local/texlive/2025basic/texmf-dist/tex/generic/uniquecounter/uniquecounte
r.sty
Package: uniquecounter 2019/12/15 v1.4 Provide unlimited unique counter (HO)
)
Package uniquecounter Info: New unique counter `rerunfilecheck' on input line 2
85.
)
\Hy@SectionHShift=\skip54
) (/usr/local/texlive/2025basic/texmf-dist/tex/latex/xcolor/xcolor.sty
Package: xcolor 2024/09/29 v3.02 LaTeX color extensions (UK)

(/usr/local/texlive/2025basic/texmf-dist/tex/latex/graphics-cfg/color.cfg
File: color.cfg 2016/01/02 v1.6 sample color configuration
)
Package xcolor Info: Driver file: pdftex.def on input line 274.

(/usr/local/texlive/2025basic/texmf-dist/tex/latex/graphics/mathcolor.ltx)
Package xcolor Info: Model `cmy' substituted by `cmy0' on input line 1349.
Package xcolor Info: Model `hsb' substituted by `rgb' on input line 1353.
Package xcolor Info: Model `RGB' extended on input line 1365.
Package xcolor Info: Model `HTML' substituted by `rgb' on input line 1367.
Package xcolor Info: Model `Hsb' substituted by `hsb' on input line 1368.
Package xcolor Info: Model `tHsb' substituted by `hsb' on input line 1369.
Package xcolor Info: Model `HSB' substituted by `hsb' on input line 1370.
Package xcolor Info: Model `Gray' substituted by `gray' on input line 1371.
Package xcolor Info: Model `wave' substituted by `hsb' on input line 1372.
)
(/usr/local/texlive/2025basic/texmf-dist/tex/latex/microtype/microtype.sty
Package: microtype 2025/02/11 v3.2a Micro-typographical refinements (RS)
\MT@toks=\toks22
\MT@tempbox=\box63
\MT@count=\count309
LaTeX Info: Redefining \noprotrusionifhmode on input line 1087.
LaTeX Info: Redefining \leftprotrusion on input line 1088.
\MT@prot@toks=\toks23
LaTeX Info: Redefining \rightprotrusion on input line 1107.
LaTeX Info: Redefining \textls on input line 1449.
\MT@outer@kern=\dimen186
LaTeX Info: Redefining \microtypecontext on input line 2053.
LaTeX Info: Redefining \textmicrotypecontext on input line 2070.
\MT@listname@count=\count310

(/usr/local/texlive/2025basic/texmf-dist/tex/latex/microtype/microtype-pdftex.d
ef
File: microtype-pdftex.def 2025/02/11 v3.2a Definitions specific to pdftex (RS)

LaTeX Info: Redefining \lsstyle on input line 944.
LaTeX Info: Redefining \lslig on input line 944.
\MT@outer@space=\skip55
)
Package microtype Info: Loading configuration file microtype.cfg.
 (/usr/local/texlive/2025basic/texmf-dist/tex/latex/microtype/microtype.cfg
File: microtype.cfg 2025/02/11 v3.2a microtype main configuration file (RS)
)
LaTeX Info: Redefining \microtypesetup on input line 3065.
)
Package hyperref Info: Option `colorlinks' set `true' on input line 21.

(/usr/local/texlive/2025basic/texmf-dist/tex/latex/l3backend/l3backend-pdftex.d
ef
File: l3backend-pdftex.def 2024-05-08 L3 backend support: PDF output (pdfTeX)
\l__color_backend_stack_int=\count311
\l__pdf_internal_box=\box64
) (./paper.aux)
\openout1 = `paper.aux'.

LaTeX Font Info:    Checking defaults for OML/cmm/m/it on input line 31.
LaTeX Font Info:    ... okay on input line 31.
LaTeX Font Info:    Checking defaults for OMS/cmsy/m/n on input line 31.
LaTeX Font Info:    ... okay on input line 31.
LaTeX Font Info:    Checking defaults for OT1/cmr/m/n on input line 31.
LaTeX Font Info:    ... okay on input line 31.
LaTeX Font Info:    Checking defaults for T1/cmr/m/n on input line 31.
LaTeX Font Info:    ... okay on input line 31.
LaTeX Font Info:    Checking defaults for TS1/cmr/m/n on input line 31.
LaTeX Font Info:    ... okay on input line 31.
LaTeX Font Info:    Checking defaults for OMX/cmex/m/n on input line 31.
LaTeX Font Info:    ... okay on input line 31.
LaTeX Font Info:    Checking defaults for U/cmr/m/n on input line 31.
LaTeX Font Info:    ... okay on input line 31.
LaTeX Font Info:    Checking defaults for PD1/pdf/m/n on input line 31.
LaTeX Font Info:    ... okay on input line 31.
LaTeX Font Info:    Checking defaults for PU/pdf/m/n on input line 31.
LaTeX Font Info:    ... okay on input line 31.

*geometry* driver: auto-detecting
*geometry* detected driver: pdftex
*geometry* verbose mode - [ preamble ] result:
* driver: pdftex
* paper: <default>
* layout: <same size as paper>
* layoutoffset:(h,v)=(0.0pt,0.0pt)
* modes: 
* h-part:(L,W,R)=(72.26999pt, 469.75502pt, 72.26999pt)
* v-part:(T,H,B)=(72.26999pt, 650.43001pt, 72.26999pt)
* \paperwidth=614.295pt
* \paperheight=794.96999pt
* \textwidth=469.75502pt
* \textheight=650.43001pt
* \oddsidemargin=0.0pt
* \evensidemargin=0.0pt
* \topmargin=-37.0pt
* \headheight=12.0pt
* \headsep=25.0pt
* \topskip=11.0pt
* \footskip=30.0pt
* \marginparwidth=59.0pt
* \marginparsep=10.0pt
* \columnsep=10.0pt
* \skip\footins=10.0pt plus 4.0pt minus 2.0pt
* \hoffset=0.0pt
* \voffset=0.0pt
* \mag=1000
* \@twocolumnfalse
* \@twosidefalse
* \@mparswitchfalse
* \@reversemarginfalse
* (1in=72.27pt=25.4mm, 1cm=28.453pt)

(/usr/local/texlive/2025basic/texmf-dist/tex/context/base/mkii/supp-pdf.mkii
[Loading MPS to PDF converter (version 2006.09.02).]
\scratchcounter=\count312
\scratchdimen=\dimen187
\scratchbox=\box65
\nofMPsegments=\count313
\nofMParguments=\count314
\everyMPshowfont=\toks24
\MPscratchCnt=\count315
\MPscratchDim=\dimen188
\MPnumerator=\count316
\makeMPintoPDFobject=\count317
\everyMPtoPDFconversion=\toks25
)
(/usr/local/texlive/2025basic/texmf-dist/tex/latex/epstopdf-pkg/epstopdf-base.s
ty
Package: epstopdf-base 2020-01-24 v2.11 Base part for package epstopdf
Package epstopdf-base Info: Redefining graphics rule for `.eps' on input line 4
85.

(/usr/local/texlive/2025basic/texmf-dist/tex/latex/latexconfig/epstopdf-sys.cfg
File: epstopdf-sys.cfg 2010/07/13 v1.3 Configuration of (r)epstopdf for TeX Liv
e
))
Package caption Info: Begin \AtBeginDocument code.
Package caption Info: hyperref package is loaded.
Package caption Info: End \AtBeginDocument code.
Package hyperref Info: Link coloring ON on input line 31.
 (./paper.out) (./paper.out)
\@outlinefile=\write3
\openout3 = `paper.out'.

LaTeX Info: Redefining \microtypecontext on input line 31.
Package microtype Info: Applying patch `item' on input line 31.
Package microtype Info: Applying patch `toc' on input line 31.
Package microtype Info: Applying patch `eqnum' on input line 31.
Package microtype Info: Applying patch `footnote' on input line 31.
Package microtype Info: Applying patch `verbatim' on input line 31.
LaTeX Info: Redefining \microtypesetup on input line 31.
Package microtype Info: Generating PDF output.
Package microtype Info: Character protrusion enabled (level 2).
Package microtype Info: Using default protrusion set `alltext'.
Package microtype Info: Automatic font expansion enabled (level 2),
(microtype)             stretch: 20, shrink: 20, step: 1, non-selected.
Package microtype Info: Using default expansion set `alltext-nott'.
LaTeX Info: Redefining \showhyphens on input line 31.
Package microtype Info: No adjustment of tracking.
Package microtype Info: No adjustment of interword spacing.
Package microtype Info: No adjustment of character kerning.

(/usr/local/texlive/2025basic/texmf-dist/tex/latex/microtype/mt-cmr.cfg
File: mt-cmr.cfg 2013/05/19 v2.2 microtype config. file: Computer Modern Roman 
(RS)
)
LaTeX Font Info:    External font `cmex10' loaded for size
(Font)              <12> on input line 33.
LaTeX Font Info:    External font `cmex10' loaded for size
(Font)              <8> on input line 33.
LaTeX Font Info:    External font `cmex10' loaded for size
(Font)              <6> on input line 33.
Package microtype Info: Loading generic protrusion settings for font family
(microtype)             `cmtt' (encoding: OT1).
(microtype)             For optimal results, create family-specific settings.
(microtype)             See the microtype manual for details.
<univ_logo.jpg, id=72, 602.25pt x 602.25pt>
File: univ_logo.jpg Graphic file (type jpg)
<use univ_logo.jpg>
Package pdftex.def Info: univ_logo.jpg  used on input line 34.
(pdftex.def)             Requested size: 103.34666pt x 103.34604pt.


[1

{/usr/local/texlive/2025basic/texmf-var/fonts/map/pdftex/updmap/pdftex.map} <./
univ_logo.jpg>]
Overfull \hbox (29.8887pt too wide) in paragraph at lines 71--72
\OT1/cmr/m/n/10.95 (-20) schema and trans-ac-tions for Post-greSQL; col-lec-tio
ns and time[]series op-tions for Mon-goDB; partition[]friendly
 []



[2]
Overfull \hbox (0.98314pt too wide) in paragraph at lines 86--87
\OT1/cmr/m/n/10.95 (-20) use the project CLI, e.g., \OT1/cmtt/m/n/10.95 python 
app.py load[]tester social[]media concurrent[]writes ...\OT1/cmr/m/n/10.95 (-20
) . 
 []



[3]
LaTeX Font Info:    External font `cmex10' loaded for size
(Font)              <10.95> on input line 121.


Package hyperref Warning: Token not allowed in a PDF string (Unicode):
(hyperref)                removing `\leavevmode@ifvmode' on input line 130.


Package hyperref Warning: Token not allowed in a PDF string (Unicode):
(hyperref)                \kern 1.82506pt
(hyperref)                removed on input line 130.

<results/plots/ecommerce/rollback_kpi_oversell.png, id=124, 505.89pt x 289.08pt
>
File: results/plots/ecommerce/rollback_kpi_oversell.png Graphic file (type png)

<use results/plots/ecommerce/rollback_kpi_oversell.png>
Package pdftex.def Info: results/plots/ecommerce/rollback_kpi_oversell.png  use
d on input line 136.
(pdftex.def)             Requested size: 150.32504pt x 85.8998pt.
<results/plots/ecommerce/rollback_kpi_orphan.png, id=126, 505.89pt x 289.08pt>
File: results/plots/ecommerce/rollback_kpi_orphan.png Graphic file (type png)
<use results/plots/ecommerce/rollback_kpi_orphan.png>
Package pdftex.def Info: results/plots/ecommerce/rollback_kpi_orphan.png  used 
on input line 141.
(pdftex.def)             Requested size: 150.32504pt x 85.8998pt.
<results/plots/ecommerce/rollback_kpi_stale.png, id=127, 505.89pt x 289.08pt>
File: results/plots/ecommerce/rollback_kpi_stale.png Graphic file (type png)
<use results/plots/ecommerce/rollback_kpi_stale.png>
Package pdftex.def Info: results/plots/ecommerce/rollback_kpi_stale.png  used o
n input line 146.
(pdftex.def)             Requested size: 150.32504pt x 85.8998pt.
<results/plots/ecommerce/rollback_counts_stacked.png, id=128, 578.16pt x 289.08
pt>
File: results/plots/ecommerce/rollback_counts_stacked.png Graphic file (type pn
g)
<use results/plots/ecommerce/rollback_counts_stacked.png>
Package pdftex.def Info: results/plots/ecommerce/rollback_counts_stacked.png  u
sed on input line 155.
(pdftex.def)             Requested size: 422.77664pt x 211.38834pt.
<results/plots/ecommerce/concurrent_perf_throughput.png, id=131, 505.89pt x 289
.08pt>
File: results/plots/ecommerce/concurrent_perf_throughput.png Graphic file (type
 png)
<use results/plots/ecommerce/concurrent_perf_throughput.png>
Package pdftex.def Info: results/plots/ecommerce/concurrent_perf_throughput.png
  used on input line 167.
(pdftex.def)             Requested size: 225.4804pt x 128.84529pt.
<results/plots/ecommerce/concurrent_perf_latency.png, id=132, 578.16pt x 289.08
pt>
File: results/plots/ecommerce/concurrent_perf_latency.png Graphic file (type pn
g)
<use results/plots/ecommerce/concurrent_perf_latency.png>
Package pdftex.def Info: results/plots/ecommerce/concurrent_perf_latency.png  u
sed on input line 172.
(pdftex.def)             Requested size: 225.4804pt x 112.73633pt.


[4]
<results/plots/ecommerce/concurrent_counts_success_oos.png, id=146, 578.16pt x 
289.08pt>
File: results/plots/ecommerce/concurrent_counts_success_oos.png Graphic file (t
ype png)
<use results/plots/ecommerce/concurrent_counts_success_oos.png>
Package pdftex.def Info: results/plots/ecommerce/concurrent_counts_success_oos.
png  used on input line 181.
(pdftex.def)             Requested size: 422.77664pt x 211.38834pt.
<results/plots/social_media/social_throughput.png, id=147, 505.89pt x 289.08pt>

File: results/plots/social_media/social_throughput.png Graphic file (type png)
<use results/plots/social_media/social_throughput.png>
Package pdftex.def Info: results/plots/social_media/social_throughput.png  used
 on input line 193.
(pdftex.def)             Requested size: 225.4804pt x 128.84529pt.
<results/plots/social_media/social_ryw.png, id=148, 505.89pt x 289.08pt>
File: results/plots/social_media/social_ryw.png Graphic file (type png)
<use results/plots/social_media/social_ryw.png>
Package pdftex.def Info: results/plots/social_media/social_ryw.png  used on inp
ut line 198.
(pdftex.def)             Requested size: 225.4804pt x 128.84529pt.
<results/plots/social_media/social_create_post_latency.png, id=149, 578.16pt x 
289.08pt>
File: results/plots/social_media/social_create_post_latency.png Graphic file (t
ype png)
<use results/plots/social_media/social_create_post_latency.png>
Package pdftex.def Info: results/plots/social_media/social_create_post_latency.
png  used on input line 208.
(pdftex.def)             Requested size: 112.74377pt x 56.36816pt.
<results/plots/social_media/social_like_latency.png, id=150, 578.16pt x 289.08p
t>
File: results/plots/social_media/social_like_latency.png Graphic file (type png
)
<use results/plots/social_media/social_like_latency.png>
Package pdftex.def Info: results/plots/social_media/social_like_latency.png  us
ed on input line 209.
(pdftex.def)             Requested size: 112.74377pt x 56.36816pt.
<results/plots/social_media/social_comment_latency.png, id=151, 578.16pt x 289.
08pt>
File: results/plots/social_media/social_comment_latency.png Graphic file (type 
png)
<use results/plots/social_media/social_comment_latency.png>
Package pdftex.def Info: results/plots/social_media/social_comment_latency.png 
 used on input line 210.
(pdftex.def)             Requested size: 112.74377pt x 56.36816pt.
<results/plots/social_media/social_read_latency.png, id=152, 578.16pt x 289.08p
t>
File: results/plots/social_media/social_read_latency.png Graphic file (type png
)
<use results/plots/social_media/social_read_latency.png>
Package pdftex.def Info: results/plots/social_media/social_read_latency.png  us
ed on input line 211.
(pdftex.def)             Requested size: 112.74377pt x 56.36816pt.
<results/plots/social_media/social_counts_stacked.png, id=153, 578.16pt x 289.0
8pt>
File: results/plots/social_media/social_counts_stacked.png Graphic file (type p
ng)
<use results/plots/social_media/social_counts_stacked.png>
Package pdftex.def Info: results/plots/social_media/social_counts_stacked.png  
used on input line 218.
(pdftex.def)             Requested size: 422.77664pt x 211.38834pt.
<results/plots/social_media/social_feed_reads_throughput.png, id=154, 505.89pt 
x 289.08pt>
File: results/plots/social_media/social_feed_reads_throughput.png Graphic file 
(type png)
<use results/plots/social_media/social_feed_reads_throughput.png>
Package pdftex.def Info: results/plots/social_media/social_feed_reads_throughpu
t.png  used on input line 228.
(pdftex.def)             Requested size: 225.4804pt x 128.84529pt.
<results/plots/social_media/social_feed_reads_latency.png, id=155, 578.16pt x 2
89.08pt>
File: results/plots/social_media/social_feed_reads_latency.png Graphic file (ty
pe png)
<use results/plots/social_media/social_feed_reads_latency.png>
Package pdftex.def Info: results/plots/social_media/social_feed_reads_latency.p
ng  used on input line 233.
(pdftex.def)             Requested size: 225.4804pt x 112.73633pt.


[5 <./results/plots/ecommerce/rollback_kpi_oversell.png> <./results/plots/ecomm
erce/rollback_kpi_orphan.png> <./results/plots/ecommerce/rollback_kpi_stale.png
> <./results/plots/ecommerce/rollback_counts_stacked.png>]
<results/plots/iot/iot_sensor_writes_throughput.png, id=166, 505.89pt x 289.08p
t>
File: results/plots/iot/iot_sensor_writes_throughput.png Graphic file (type png
)
<use results/plots/iot/iot_sensor_writes_throughput.png>
Package pdftex.def Info: results/plots/iot/iot_sensor_writes_throughput.png  us
ed on input line 248.
(pdftex.def)             Requested size: 225.4804pt x 128.84529pt.
<results/plots/iot/iot_sensor_writes_latency.png, id=167, 578.16pt x 289.08pt>
File: results/plots/iot/iot_sensor_writes_latency.png Graphic file (type png)
<use results/plots/iot/iot_sensor_writes_latency.png>
Package pdftex.def Info: results/plots/iot/iot_sensor_writes_latency.png  used 
on input line 253.
(pdftex.def)             Requested size: 225.4804pt x 112.73633pt.
<results/plots/iot/iot_sensor_writes_counts.png, id=168, 505.89pt x 289.08pt>
File: results/plots/iot/iot_sensor_writes_counts.png Graphic file (type png)
<use results/plots/iot/iot_sensor_writes_counts.png>
Package pdftex.def Info: results/plots/iot/iot_sensor_writes_counts.png  used o
n input line 262.
(pdftex.def)             Requested size: 422.77664pt x 241.59045pt.
<results/plots/iot/iot_time_series_throughput.png, id=169, 505.89pt x 289.08pt>

File: results/plots/iot/iot_time_series_throughput.png Graphic file (type png)
<use results/plots/iot/iot_time_series_throughput.png>
Package pdftex.def Info: results/plots/iot/iot_time_series_throughput.png  used
 on input line 274.
(pdftex.def)             Requested size: 225.4804pt x 128.84529pt.
<results/plots/iot/iot_time_series_latency.png, id=170, 578.16pt x 289.08pt>
File: results/plots/iot/iot_time_series_latency.png Graphic file (type png)
<use results/plots/iot/iot_time_series_latency.png>
Package pdftex.def Info: results/plots/iot/iot_time_series_latency.png  used on
 input line 279.
(pdftex.def)             Requested size: 225.4804pt x 112.73633pt.


[6 <./results/plots/ecommerce/concurrent_perf_throughput.png> <./results/plots/
ecommerce/concurrent_perf_latency.png> <./results/plots/ecommerce/concurrent_co
unts_success_oos.png>]
<results/plots/iot/iot_time_series_avg_points_per_read.png, id=183, 505.89pt x 
289.08pt>
File: results/plots/iot/iot_time_series_avg_points_per_read.png Graphic file (t
ype png)
<use results/plots/iot/iot_time_series_avg_points_per_read.png>
Package pdftex.def Info: results/plots/iot/iot_time_series_avg_points_per_read.
png  used on input line 288.
(pdftex.def)             Requested size: 422.77664pt x 241.59045pt.


[7 <./results/plots/social_media/social_throughput.png> <./results/plots/social
_media/social_ryw.png> <./results/plots/social_media/social_create_post_latency
.png> <./results/plots/social_media/social_like_latency.png> <./results/plots/s
ocial_media/social_comment_latency.png> <./results/plots/social_media/social_re
ad_latency.png>]

[8 <./results/plots/social_media/social_counts_stacked.png> <./results/plots/so
cial_media/social_feed_reads_throughput.png> <./results/plots/social_media/soci
al_feed_reads_latency.png>]

[9 <./results/plots/iot/iot_sensor_writes_throughput.png> <./results/plots/iot/
iot_sensor_writes_latency.png>]

[10 <./results/plots/iot/iot_sensor_writes_counts.png>]

[11 <./results/plots/iot/iot_time_series_throughput.png> <./results/plots/iot/i
ot_time_series_latency.png>]

[12 <./results/plots/iot/iot_time_series_avg_points_per_read.png>] (./paper.aux
)
 ***********
LaTeX2e <2024-11-01> patch level 2
L3 programming layer <2025-01-18>
 ***********
Package rerunfilecheck Info: File `paper.out' has not changed.
(rerunfilecheck)             Checksum: D9C049DD3DB4AA92F35DECB876867063;2158.
 ) 
Here is how much of TeX's memory you used:
 16630 strings out of 474662
 320209 string characters out of 5751109
 729077 words of memory out of 5000000
 39319 multiletter control sequences out of 15000+600000
 569307 words of font info for 130 fonts, out of 8000000 for 9000
 319 hyphenation exceptions out of 8191
 75i,11n,79p,1051b,1161s stack positions out of 10000i,1000n,20000p,200000b,200000s
 </Users/bozhidarhristov/Library/texlive/2025basic/texmf-var/fonts/pk/ljfour/
jknappen/ec/tcrm1095.600pk></usr/local/texlive/2025basic/texmf-dist/fonts/type1
/public/amsfonts/cm/cmbx10.pfb></usr/local/texlive/2025basic/texmf-dist/fonts/t
ype1/public/amsfonts/cm/cmbx12.pfb></usr/local/texlive/2025basic/texmf-dist/fon
ts/type1/public/amsfonts/cm/cmr10.pfb></usr/local/texlive/2025basic/texmf-dist/
fonts/type1/public/amsfonts/cm/cmr12.pfb></usr/local/texlive/2025basic/texmf-di
st/fonts/type1/public/amsfonts/cm/cmr17.pfb></usr/local/texlive/2025basic/texmf
-dist/fonts/type1/public/amsfonts/cm/cmsy10.pfb></usr/local/texlive/2025basic/t
exmf-dist/fonts/type1/public/amsfonts/cm/cmti10.pfb></usr/local/texlive/2025bas
ic/texmf-dist/fonts/type1/public/amsfonts/cm/cmtt10.pfb></usr/local/texlive/202
5basic/texmf-dist/fonts/type1/public/amsfonts/cm/cmtt12.pfb>
Output written on paper.pdf (12 pages, 809011 bytes).
PDF statistics:
 317 PDF objects out of 1000 (max. 8388607)
 236 compressed objects within 3 object streams
 80 named destinations out of 1000 (max. 500000)
 27900 words of extra memory for PDF output out of 29859 (max. 10000000)

